[2024-09-06 15:37:14,036] multiqc                                            [DEBUG  ]  This is MultiQC v1.11
[2024-09-06 15:37:14,036] multiqc                                            [DEBUG  ]  No MultiQC config found: /usr/local/lib/python3.9/site-packages/multiqc_config.yaml
[2024-09-06 15:37:14,036] multiqc                                            [DEBUG  ]  No MultiQC config found: /home/val/.multiqc_config.yaml
[2024-09-06 15:37:14,060] multiqc                                            [DEBUG  ]  Loading config settings from: multiqc_config.yml
[2024-09-06 15:37:14,060] multiqc                                            [DEBUG  ]  New config 'report_comment': This report has been generated by the <a href="https://github.com/nf-core/rnaseq" target="_blank">nf-core/rnaseq</a> analysis pipeline. For information about how to interpret these results, please see the <a href="https://nf-co.re/rnaseq" target="_blank">documentation</a>.

[2024-09-06 15:37:14,060] multiqc                                            [DEBUG  ]  New config 'report_section_order': {'software_versions': {'order': -1000}, 'nf-core-rnaseq-summary': {'order': -1001}}
[2024-09-06 15:37:14,060] multiqc                                            [DEBUG  ]  New config 'export_plots': True
[2024-09-06 15:37:14,060] multiqc                                            [DEBUG  ]  New config 'run_modules': ['custom_content', 'fastqc', 'cutadapt', 'sortmerna', 'star', 'hisat2', 'rsem', 'salmon', 'samtools', 'picard', 'preseq', 'rseqc', 'qualimap']
[2024-09-06 15:37:14,060] multiqc                                            [DEBUG  ]  New config 'top_modules': ['fail_trimmed_samples', 'fail_mapped_samples', 'fail_strand_check', 'star_rsem_deseq2_pca', 'star_rsem_deseq2_clustering', 'star_salmon_deseq2_pca', 'star_salmon_deseq2_clustering', 'salmon_deseq2_pca', 'salmon_deseq2_clustering', 'biotype_counts', 'dupradar']
[2024-09-06 15:37:14,060] multiqc                                            [DEBUG  ]  New config 'module_order': [{'fastqc': {'name': 'FastQC (raw)', 'info': 'This section of the report shows FastQC results before adapter trimming.', 'path_filters': ['./fastqc/*.zip']}}, 'cutadapt', {'fastqc': {'name': 'FastQC (trimmed)', 'info': 'This section of the report shows FastQC results after adapter trimming.', 'path_filters': ['./trimgalore/fastqc/*.zip']}}]
[2024-09-06 15:37:14,060] multiqc                                            [DEBUG  ]  New config 'table_columns_visible': {'fastqc': {'percent_duplicates': False}}
[2024-09-06 15:37:14,060] multiqc                                            [DEBUG  ]  Added to filename clean extensions: ['.umi_dedup', '_val', '.markdup']
[2024-09-06 15:37:14,060] multiqc                                            [DEBUG  ]  Added to filename patterns: {'cutadapt': {'fn': '*trimming_report.txt'}, 'sortmerna': {'fn': '*.sortmerna.log'}, 'hisat2': {'fn': '*.hisat2.summary.log'}, 'salmon/meta': {'fn': 'meta_info.json'}, 'preseq': {'fn': '*.lc_extrap.txt'}, 'samtools/stats': {'fn': '*.stats'}, 'samtools/flagstat': {'fn': '*.flagstat'}, 'samtools/idxstats': {'fn': '*.idxstats*'}, 'rseqc/bam_stat': {'fn': '*.bam_stat.txt'}, 'rseqc/gene_body_coverage': {'skip': True}, 'rseqc/junction_annotation': {'fn': '*.junction_annotation.log'}, 'rseqc/read_gc': {'skip': True}, 'rseqc/read_distribution': {'fn': '*.read_distribution.txt'}, 'rseqc/infer_experiment': {'fn': '*.infer_experiment.txt'}, 'rseqc/tin': {'fn': '*.tin.txt'}, 'picard/markdups': {'fn': '*.MarkDuplicates.metrics.txt'}, 'picard/alignment_metrics': {'skip': True}, 'picard/basedistributionbycycle': {'skip': True}, 'picard/gcbias': {'skip': True}, 'picard/hsmetrics': {'skip': True}, 'picard/insertsize': {'skip': True}, 'picard/oxogmetrics': {'skip': True}, 'picard/pcr_metrics': {'skip': True}, 'picard/quality_by_cycle': {'skip': True}, 'picard/quality_score_distribution': {'skip': True}, 'picard/quality_yield_metrics': {'skip': True}, 'picard/rnaseqmetrics': {'skip': True}, 'picard/rrbs_metrics': {'skip': True}, 'picard/sam_file_validation': {'skip': True}, 'picard/variant_calling_metrics': {'skip': True}, 'picard/wgs_metrics': {'skip': True}}
[2024-09-06 15:37:14,060] multiqc                                            [DEBUG  ]  New config 'custom_data': {'fail_trimmed_samples': {'section_name': 'WARNING: Fail Trimming Check', 'description': "List of samples that failed the minimum trimmed reads threshold specified via the '--min_trimmed_reads' parameter, and hence were ignored for the downstream processing steps.", 'plot_type': 'table', 'pconfig': {'id': 'fail_trimmed_samples_table', 'table_title': 'Samples failed trimming threshold', 'namespace': 'Samples failed trimming threshold', 'format': '{:.0f}'}}, 'fail_mapped_samples': {'section_name': 'WARNING: Fail Alignment Check', 'description': "List of samples that failed the STAR minimum mapped reads threshold specified via the '--min_mapped_reads' parameter, and hence were ignored for the downstream processing steps.", 'plot_type': 'table', 'pconfig': {'id': 'fail_mapped_samples_table', 'table_title': 'Samples failed mapping threshold', 'namespace': 'Samples failed mapping threshold', 'format': '{:.2f}'}}, 'fail_strand_check': {'section_name': 'WARNING: Fail Strand Check', 'description': "List of samples that failed the strandedness check between that provided in the samplesheet and calculated by the <a href='http://rseqc.sourceforge.net/#infer-experiment-py'>RSeQC infer_experiment.py</a> tool.", 'plot_type': 'table', 'pconfig': {'id': 'fail_strand_check_table', 'table_title': 'Samples failed strandedness check', 'namespace': 'Samples failed strandedness check', 'format': '{:.2f}'}}}
[2024-09-06 15:37:14,060] multiqc                                            [DEBUG  ]  Command used: /usr/local/bin/multiqc -f .
[2024-09-06 15:37:14,472] multiqc                                            [WARNING]  MultiQC Version v1.24.1 now available!
[2024-09-06 15:37:14,472] multiqc                                            [DEBUG  ]  Command     : /usr/local/bin/multiqc -f .
[2024-09-06 15:37:14,472] multiqc                                            [DEBUG  ]  Working dir : /storage2/Hincode/S-60-47-61-2024-RNASeq_0240725_LH00206_0043_A22MLN2LT3/navarra/work/84/f11fc86625b2d7ce09c9127f971176
[2024-09-06 15:37:14,472] multiqc                                            [DEBUG  ]  Template    : default
[2024-09-06 15:37:14,472] multiqc                                            [DEBUG  ]  Running Python 3.9.5 | packaged by conda-forge | (default, Jun 19 2021, 00:32:32)  [GCC 9.3.0]
[2024-09-06 15:37:14,473] multiqc                                            [INFO   ]  Only using modules: custom_content, fastqc, cutadapt, sortmerna, star, hisat2, rsem, salmon, samtools, picard, preseq, rseqc, qualimap
[2024-09-06 15:37:14,473] multiqc                                            [DEBUG  ]  Analysing modules: custom_content, hisat2, picard, preseq, qualimap, rsem, rseqc, salmon, samtools, sortmerna, star, fastqc, cutadapt, fastqc
[2024-09-06 15:37:14,474] multiqc                                            [DEBUG  ]  Using temporary directory for creating report: /tmp/tmp8639e_ec
[2024-09-06 15:37:14,543] multiqc                                            [INFO   ]  Search path : /storage2/Hincode/S-60-47-61-2024-RNASeq_0240725_LH00206_0043_A22MLN2LT3/navarra/work/84/f11fc86625b2d7ce09c9127f971176
[2024-09-06 15:37:14,543] multiqc                                            [DEBUG  ]  Ignored 218 search patterns as didn't match running modules.
[2024-09-06 15:37:14,543] multiqc                                            [INFO   ]  Skipping 17 file search patterns
[2024-09-06 15:37:14,543] multiqc                                            [DEBUG  ]  Skipping search patterns: picard/alignment_metrics, picard/basedistributionbycycle, picard/gcbias, picard/hsmetrics, picard/insertsize, picard/oxogmetrics, picard/pcr_metrics, picard/quality_by_cycle, picard/quality_score_distribution, picard/quality_yield_metrics, picard/rnaseqmetrics, picard/rrbs_metrics, picard/sam_file_validation, picard/variant_calling_metrics, picard/wgs_metrics, rseqc/gene_body_coverage, rseqc/read_gc
[2024-09-06 15:37:15,793] multiqc.plots.bargraph                             [DEBUG  ]  Using matplotlib version 3.4.2
[2024-09-06 15:37:15,797] multiqc.plots.linegraph                            [DEBUG  ]  Using matplotlib version 3.4.2
[2024-09-06 15:37:15,937] multiqc.modules.custom_content.custom_content      [INFO   ]  nf-core-rnaseq-summary: Found 1 sample (html)
[2024-09-06 15:37:15,938] multiqc.modules.custom_content.custom_content      [INFO   ]  software_versions: Found 1 sample (html)
[2024-09-06 15:37:15,938] multiqc.modules.custom_content.custom_content      [INFO   ]  star_salmon_deseq2_clustering: Found 6 samples (heatmap)
[2024-09-06 15:37:15,938] multiqc.modules.custom_content.custom_content      [INFO   ]  star_salmon_deseq2_pca: Found 6 samples (scatter)
[2024-09-06 15:37:17,744] multiqc.modules.custom_content.custom_content      [INFO   ]  biotype_counts: Found 6 samples (bargraph)
[2024-09-06 15:37:17,744] multiqc.modules.custom_content.custom_content      [INFO   ]  biotype-gs: Found 6 General Statistics columns
[2024-09-06 15:37:19,827] multiqc.modules.custom_content.custom_content      [INFO   ]  dupradar: Found 6 samples (linegraph)
[2024-09-06 15:37:19,828] multiqc.modules.custom_content.custom_content      [INFO   ]  DupInt: Found 6 General Statistics columns
[2024-09-06 15:37:19,833] multiqc                                            [DEBUG  ]  No samples found: hisat2
[2024-09-06 15:37:22,515] multiqc.modules.picard.picard                      [INFO   ]  Found 6 MarkDuplicates reports
[2024-09-06 15:37:23,585] multiqc.modules.preseq.preseq                      [INFO   ]  Found 6 reports
[2024-09-06 15:37:25,799] multiqc.modules.qualimap.qualimap                  [INFO   ]  Found 6 RNASeq reports
[2024-09-06 15:37:25,802] multiqc                                            [DEBUG  ]  No samples found: rsem
[2024-09-06 15:37:26,772] multiqc.modules.rseqc.rseqc                        [INFO   ]  Found 6 read_distribution reports
[2024-09-06 15:37:27,250] multiqc.modules.rseqc.rseqc                        [INFO   ]  Found 6 read_duplication reports
[2024-09-06 15:37:28,426] multiqc.modules.rseqc.rseqc                        [INFO   ]  Found 6 junction_annotation reports
[2024-09-06 15:37:29,711] multiqc.modules.rseqc.rseqc                        [INFO   ]  Found 6 junction_saturation reports
[2024-09-06 15:37:30,028] multiqc.modules.rseqc.rseqc                        [INFO   ]  Found 6 infer_experiment reports
[2024-09-06 15:37:30,035] multiqc.modules.rseqc.rseqc                        [INFO   ]  Found 6 bam_stat reports
[2024-09-06 15:37:30,038] multiqc                                            [DEBUG  ]  No samples found: salmon
[2024-09-06 15:37:30,557] multiqc.modules.samtools.samtools                  [INFO   ]  Found 6 stats reports
[2024-09-06 15:37:30,561] multiqc.modules.samtools.samtools                  [INFO   ]  Found 6 flagstat reports
[2024-09-06 15:37:33,012] multiqc.modules.samtools.samtools                  [INFO   ]  Found 6 idxstats reports
[2024-09-06 15:37:33,017] multiqc                                            [DEBUG  ]  No samples found: sortmerna
[2024-09-06 15:37:33,079] multiqc.modules.star.star                          [INFO   ]  Found 6 reports
[2024-09-06 15:37:33,751] multiqc.modules.base_module                        [DEBUG  ]  fastqc/zip - Selecting '3O_fastqc.zip' as it matched the path_filters for 'FastQC (raw)'
[2024-09-06 15:37:33,854] multiqc.modules.base_module                        [DEBUG  ]  fastqc/zip - Selecting 'P11_3_fastqc.zip' as it matched the path_filters for 'FastQC (raw)'
[2024-09-06 15:37:33,935] multiqc.modules.base_module                        [DEBUG  ]  fastqc/zip - Selecting 'P11_2_fastqc.zip' as it matched the path_filters for 'FastQC (raw)'
[2024-09-06 15:37:34,013] multiqc.modules.base_module                        [DEBUG  ]  fastqc/zip - Selecting '2O_fastqc.zip' as it matched the path_filters for 'FastQC (raw)'
[2024-09-06 15:37:34,087] multiqc.modules.base_module                        [DEBUG  ]  fastqc/zip - Selecting 'P11_1_fastqc.zip' as it matched the path_filters for 'FastQC (raw)'
[2024-09-06 15:37:34,166] multiqc.modules.base_module                        [DEBUG  ]  fastqc/zip - Selecting '1O_fastqc.zip' as it matched the path_filters for 'FastQC (raw)'
[2024-09-06 15:37:34,219] multiqc.modules.base_module                        [DEBUG  ]  fastqc/zip - Skipping 'P11_1_trimmed_fastqc.zip' as it didn't match the path_filters for 'FastQC (raw)'
[2024-09-06 15:37:34,219] multiqc.modules.base_module                        [DEBUG  ]  fastqc/zip - Skipping '1O_trimmed_fastqc.zip' as it didn't match the path_filters for 'FastQC (raw)'
[2024-09-06 15:37:34,219] multiqc.modules.base_module                        [DEBUG  ]  fastqc/zip - Skipping 'P11_3_trimmed_fastqc.zip' as it didn't match the path_filters for 'FastQC (raw)'
[2024-09-06 15:37:34,219] multiqc.modules.base_module                        [DEBUG  ]  fastqc/zip - Skipping '3O_trimmed_fastqc.zip' as it didn't match the path_filters for 'FastQC (raw)'
[2024-09-06 15:37:34,219] multiqc.modules.base_module                        [DEBUG  ]  fastqc/zip - Skipping 'P11_2_trimmed_fastqc.zip' as it didn't match the path_filters for 'FastQC (raw)'
[2024-09-06 15:37:34,219] multiqc.modules.base_module                        [DEBUG  ]  fastqc/zip - Skipping '2O_trimmed_fastqc.zip' as it didn't match the path_filters for 'FastQC (raw)'
[2024-09-06 15:37:34,219] multiqc.modules.fastqc.fastqc                      [INFO   ]  Found 6 reports
[2024-09-06 15:37:38,339] multiqc.modules.cutadapt.cutadapt                  [INFO   ]  Found 6 reports
[2024-09-06 15:37:39,768] multiqc.modules.base_module                        [DEBUG  ]  fastqc/zip - Skipping '3O_fastqc.zip' as it didn't match the path_filters for 'FastQC (trimmed)'
[2024-09-06 15:37:39,768] multiqc.modules.base_module                        [DEBUG  ]  fastqc/zip - Skipping 'P11_3_fastqc.zip' as it didn't match the path_filters for 'FastQC (trimmed)'
[2024-09-06 15:37:39,768] multiqc.modules.base_module                        [DEBUG  ]  fastqc/zip - Skipping 'P11_2_fastqc.zip' as it didn't match the path_filters for 'FastQC (trimmed)'
[2024-09-06 15:37:39,768] multiqc.modules.base_module                        [DEBUG  ]  fastqc/zip - Skipping '2O_fastqc.zip' as it didn't match the path_filters for 'FastQC (trimmed)'
[2024-09-06 15:37:39,768] multiqc.modules.base_module                        [DEBUG  ]  fastqc/zip - Skipping 'P11_1_fastqc.zip' as it didn't match the path_filters for 'FastQC (trimmed)'
[2024-09-06 15:37:39,768] multiqc.modules.base_module                        [DEBUG  ]  fastqc/zip - Skipping '1O_fastqc.zip' as it didn't match the path_filters for 'FastQC (trimmed)'
[2024-09-06 15:37:39,768] multiqc.modules.base_module                        [DEBUG  ]  fastqc/zip - Selecting 'P11_1_trimmed_fastqc.zip' as it matched the path_filters for 'FastQC (trimmed)'
[2024-09-06 15:37:39,831] multiqc.modules.base_module                        [DEBUG  ]  fastqc/zip - Selecting '1O_trimmed_fastqc.zip' as it matched the path_filters for 'FastQC (trimmed)'
[2024-09-06 15:37:39,923] multiqc.modules.base_module                        [DEBUG  ]  fastqc/zip - Selecting 'P11_3_trimmed_fastqc.zip' as it matched the path_filters for 'FastQC (trimmed)'
[2024-09-06 15:37:39,992] multiqc.modules.base_module                        [DEBUG  ]  fastqc/zip - Selecting '3O_trimmed_fastqc.zip' as it matched the path_filters for 'FastQC (trimmed)'
[2024-09-06 15:37:40,035] multiqc.modules.base_module                        [DEBUG  ]  fastqc/zip - Selecting 'P11_2_trimmed_fastqc.zip' as it matched the path_filters for 'FastQC (trimmed)'
[2024-09-06 15:37:40,099] multiqc.modules.base_module                        [DEBUG  ]  fastqc/zip - Selecting '2O_trimmed_fastqc.zip' as it matched the path_filters for 'FastQC (trimmed)'
[2024-09-06 15:37:40,158] multiqc.modules.fastqc.fastqc                      [INFO   ]  Found 6 reports
[2024-09-06 15:37:44,001] multiqc                                            [DEBUG  ]  Reordering sections: anchor 'software_versions' not found for module 'STAR_SALMON DESeq2 sample similarity'.
[2024-09-06 15:37:44,001] multiqc                                            [DEBUG  ]  Reordering sections: anchor 'nf-core-rnaseq-summary' not found for module 'STAR_SALMON DESeq2 sample similarity'.
[2024-09-06 15:37:44,001] multiqc                                            [DEBUG  ]  Reordering sections: anchor 'software_versions' not found for module 'STAR_SALMON DESeq2 PCA plot'.
[2024-09-06 15:37:44,001] multiqc                                            [DEBUG  ]  Reordering sections: anchor 'nf-core-rnaseq-summary' not found for module 'STAR_SALMON DESeq2 PCA plot'.
[2024-09-06 15:37:44,001] multiqc                                            [DEBUG  ]  Reordering sections: anchor 'software_versions' not found for module 'Biotype Counts'.
[2024-09-06 15:37:44,001] multiqc                                            [DEBUG  ]  Reordering sections: anchor 'nf-core-rnaseq-summary' not found for module 'Biotype Counts'.
[2024-09-06 15:37:44,001] multiqc                                            [DEBUG  ]  Reordering sections: anchor 'software_versions' not found for module 'DupRadar'.
[2024-09-06 15:37:44,001] multiqc                                            [DEBUG  ]  Reordering sections: anchor 'nf-core-rnaseq-summary' not found for module 'DupRadar'.
[2024-09-06 15:37:44,001] multiqc                                            [DEBUG  ]  Reordering sections: anchor 'software_versions' not found for module 'Picard'.
[2024-09-06 15:37:44,001] multiqc                                            [DEBUG  ]  Reordering sections: anchor 'nf-core-rnaseq-summary' not found for module 'Picard'.
[2024-09-06 15:37:44,001] multiqc                                            [DEBUG  ]  Reordering sections: anchor 'software_versions' not found for module 'Preseq'.
[2024-09-06 15:37:44,001] multiqc                                            [DEBUG  ]  Reordering sections: anchor 'nf-core-rnaseq-summary' not found for module 'Preseq'.
[2024-09-06 15:37:44,001] multiqc                                            [DEBUG  ]  Reordering sections: anchor 'software_versions' not found for module 'QualiMap'.
[2024-09-06 15:37:44,001] multiqc                                            [DEBUG  ]  Reordering sections: anchor 'nf-core-rnaseq-summary' not found for module 'QualiMap'.
[2024-09-06 15:37:44,001] multiqc                                            [DEBUG  ]  Reordering sections: anchor 'software_versions' not found for module 'RSeQC'.
[2024-09-06 15:37:44,001] multiqc                                            [DEBUG  ]  Reordering sections: anchor 'nf-core-rnaseq-summary' not found for module 'RSeQC'.
[2024-09-06 15:37:44,001] multiqc                                            [DEBUG  ]  Reordering sections: anchor 'software_versions' not found for module 'Samtools'.
[2024-09-06 15:37:44,001] multiqc                                            [DEBUG  ]  Reordering sections: anchor 'nf-core-rnaseq-summary' not found for module 'Samtools'.
[2024-09-06 15:37:44,001] multiqc                                            [DEBUG  ]  Reordering sections: anchor 'software_versions' not found for module 'STAR'.
[2024-09-06 15:37:44,001] multiqc                                            [DEBUG  ]  Reordering sections: anchor 'nf-core-rnaseq-summary' not found for module 'STAR'.
[2024-09-06 15:37:44,001] multiqc                                            [DEBUG  ]  Reordering sections: anchor 'software_versions' not found for module 'FastQC (raw)'.
[2024-09-06 15:37:44,002] multiqc                                            [DEBUG  ]  Reordering sections: anchor 'nf-core-rnaseq-summary' not found for module 'FastQC (raw)'.
[2024-09-06 15:37:44,002] multiqc                                            [DEBUG  ]  Reordering sections: anchor 'software_versions' not found for module 'Cutadapt'.
[2024-09-06 15:37:44,002] multiqc                                            [DEBUG  ]  Reordering sections: anchor 'nf-core-rnaseq-summary' not found for module 'Cutadapt'.
[2024-09-06 15:37:44,002] multiqc                                            [DEBUG  ]  Reordering sections: anchor 'software_versions' not found for module 'FastQC (trimmed)'.
[2024-09-06 15:37:44,002] multiqc                                            [DEBUG  ]  Reordering sections: anchor 'nf-core-rnaseq-summary' not found for module 'FastQC (trimmed)'.
[2024-09-06 15:37:44,002] multiqc                                            [DEBUG  ]  Reordering sections: anchor 'software_versions' not found for module 'nf-core/rnaseq Software Versions'.
[2024-09-06 15:37:44,002] multiqc                                            [DEBUG  ]  Reordering sections: anchor 'nf-core-rnaseq-summary' not found for module 'nf-core/rnaseq Software Versions'.
[2024-09-06 15:37:44,002] multiqc                                            [DEBUG  ]  Reordering sections: anchor 'software_versions' not found for module 'nf-core/rnaseq Workflow Summary'.
[2024-09-06 15:37:44,002] multiqc                                            [DEBUG  ]  Reordering sections: anchor 'nf-core-rnaseq-summary' not found for module 'nf-core/rnaseq Workflow Summary'.
[2024-09-06 15:37:44,027] multiqc                                            [INFO   ]  Compressing plot data
[2024-09-06 15:37:45,068] multiqc                                            [INFO   ]  Report      : multiqc_report.html
[2024-09-06 15:37:45,068] multiqc                                            [INFO   ]  Data        : multiqc_data
[2024-09-06 15:37:45,068] multiqc                                            [DEBUG  ]  Moving data file from '/tmp/tmp8639e_ec/multiqc_data' to '/storage2/Hincode/S-60-47-61-2024-RNASeq_0240725_LH00206_0043_A22MLN2LT3/navarra/work/84/f11fc86625b2d7ce09c9127f971176/multiqc_data'
[2024-09-06 15:37:45,078] multiqc                                            [INFO   ]  Plots       : multiqc_plots
[2024-09-06 15:37:45,078] multiqc                                            [DEBUG  ]  Moving plots directory from '/tmp/tmp8639e_ec/multiqc_plots' to '/storage2/Hincode/S-60-47-61-2024-RNASeq_0240725_LH00206_0043_A22MLN2LT3/navarra/work/84/f11fc86625b2d7ce09c9127f971176/multiqc_plots'
[2024-09-06 15:37:46,551] multiqc                                            [INFO   ]  MultiQC complete
